<?xml version="1.0" encoding="UTF-8"?>
<testng-results ignored="0" total="1" passed="1" failed="0" skipped="0">
  <reporter-output>
  </reporter-output>
  <suite started-at="2021-10-22T16:23:43Z" name="Default suite" finished-at="2021-10-22T16:23:46Z" duration-ms="3092">
    <groups>
    </groups>
    <test started-at="2021-10-22T16:23:43Z" name="Default test" finished-at="2021-10-22T16:23:46Z" duration-ms="3092">
      <class name="TestScript.TweetTest">
        <test-method signature="Tweeter()[pri:0, instance:TestScript.TweetTest@78aea4b9]" started-at="2021-10-22T16:23:43Z" name="Tweeter" finished-at="2021-10-22T16:23:46Z" duration-ms="3009" status="PASS">
          <reporter-output>
          </reporter-output>
        </test-method> <!-- Tweeter -->
      </class> <!-- TestScript.TweetTest -->
    </test> <!-- Default test -->
  </suite> <!-- Default suite -->
</testng-results>
